torch.Size([4684, 36, 8])
aplicado mamba


Epoch 0: | Train Loss: 3.212030 | Val Loss: 2.477550 | Train Acc: 82.383 | Val Acc: 85.586
Epoch 1: | Train Loss: 2.901741 | Val Loss: 2.435461 | Train Acc: 82.573 | Val Acc: 85.594
Epoch 2: | Train Loss: 2.872286 | Val Loss: 2.423019 | Train Acc: 82.569 | Val Acc: 85.591
Epoch 3: | Train Loss: 2.863768 | Val Loss: 2.419608 | Train Acc: 82.560 | Val Acc: 85.579
Epoch 4: | Train Loss: 2.858940 | Val Loss: 2.414353 | Train Acc: 82.561 | Val Acc: 85.584
Epoch 5: | Train Loss: 2.853757 | Val Loss: 2.424284 | Train Acc: 82.571 | Val Acc: 85.532
Epoch 6: | Train Loss: 2.852534 | Val Loss: 2.409467 | Train Acc: 82.566 | Val Acc: 85.583
Epoch 7: | Train Loss: 2.849688 | Val Loss: 2.415750 | Train Acc: 82.569 | Val Acc: 85.557
Epoch 8: | Train Loss: 2.848090 | Val Loss: 2.406990 | Train Acc: 82.566 | Val Acc: 85.579
Epoch 9: | Train Loss: 2.845861 | Val Loss: 2.409126 | Train Acc: 82.572 | Val Acc: 85.579
Epoch 10: | Train Loss: 2.844735 | Val Loss: 2.408313 | Train Acc: 82.567 | Val Acc: 85.601
Epoch 11: | Train Loss: 2.842380 | Val Loss: 2.412032 | Train Acc: 82.571 | Val Acc: 85.542
Epoch 12: | Train Loss: 2.837965 | Val Loss: 2.402798 | Train Acc: 82.573 | Val Acc: 85.591
Epoch 13: | Train Loss: 2.836534 | Val Loss: 2.413304 | Train Acc: 82.569 | Val Acc: 85.557
Epoch 14: | Train Loss: 2.834817 | Val Loss: 2.397813 | Train Acc: 82.572 | Val Acc: 85.608
Epoch 15: | Train Loss: 2.832631 | Val Loss: 2.401225 | Train Acc: 82.569 | Val Acc: 85.590
Epoch 16: | Train Loss: 2.829836 | Val Loss: 2.403093 | Train Acc: 82.571 | Val Acc: 85.582
Epoch 17: | Train Loss: 2.828278 | Val Loss: 2.401010 | Train Acc: 82.575 | Val Acc: 85.616
Epoch 18: | Train Loss: 2.826857 | Val Loss: 2.413200 | Train Acc: 82.570 | Val Acc: 85.594
Epoch 19: | Train Loss: 2.825295 | Val Loss: 2.397011 | Train Acc: 82.573 | Val Acc: 85.597
Epoch 20: | Train Loss: 2.824559 | Val Loss: 2.406954 | Train Acc: 82.572 | Val Acc: 85.569
Epoch 21: | Train Loss: 2.822194 | Val Loss: 2.397079 | Train Acc: 82.574 | Val Acc: 85.607
Epoch 22: | Train Loss: 2.822244 | Val Loss: 2.397978 | Train Acc: 82.572 | Val Acc: 85.578
Epoch 23: | Train Loss: 2.821606 | Val Loss: 2.399820 | Train Acc: 82.568 | Val Acc: 85.605
Epoch 24: | Train Loss: 2.823439 | Val Loss: 2.404728 | Train Acc: 82.572 | Val Acc: 85.579
Epoch 25: | Train Loss: 2.820406 | Val Loss: 2.398359 | Train Acc: 82.571 | Val Acc: 85.583
Epoch 26: | Train Loss: 2.819526 | Val Loss: 2.399569 | Train Acc: 82.572 | Val Acc: 85.593
Epoch 27: | Train Loss: 2.820376 | Val Loss: 2.399883 | Train Acc: 82.567 | Val Acc: 85.580
Epoch 28: | Train Loss: 2.818909 | Val Loss: 2.396595 | Train Acc: 82.572 | Val Acc: 85.604
Epoch 29: | Train Loss: 2.817660 | Val Loss: 2.397266 | Train Acc: 82.571 | Val Acc: 85.593
Epoch 30: | Train Loss: 2.819490 | Val Loss: 2.403893 | Train Acc: 82.565 | Val Acc: 85.543
Epoch 31: | Train Loss: 2.817037 | Val Loss: 2.396979 | Train Acc: 82.567 | Val Acc: 85.597
Epoch 32: | Train Loss: 2.818060 | Val Loss: 2.393357 | Train Acc: 82.567 | Val Acc: 85.604
Epoch 33: | Train Loss: 2.816104 | Val Loss: 2.406005 | Train Acc: 82.567 | Val Acc: 85.566
Epoch 34: | Train Loss: 2.816917 | Val Loss: 2.393642 | Train Acc: 82.570 | Val Acc: 85.605
Epoch 35: | Train Loss: 2.817043 | Val Loss: 2.402651 | Train Acc: 82.569 | Val Acc: 85.564
Epoch 36: | Train Loss: 2.815011 | Val Loss: 2.403542 | Train Acc: 82.572 | Val Acc: 85.576
Epoch 37: | Train Loss: 2.813595 | Val Loss: 2.396608 | Train Acc: 82.569 | Val Acc: 85.602
Epoch 38: | Train Loss: 2.814499 | Val Loss: 2.404652 | Train Acc: 82.571 | Val Acc: 85.557
Epoch 39: | Train Loss: 2.816481 | Val Loss: 2.400276 | Train Acc: 82.568 | Val Acc: 85.566
Epoch 40: | Train Loss: 2.815791 | Val Loss: 2.399866 | Train Acc: 82.566 | Val Acc: 85.597
Epoch 41: | Train Loss: 2.814032 | Val Loss: 2.394534 | Train Acc: 82.568 | Val Acc: 85.604
Epoch 42: | Train Loss: 2.814150 | Val Loss: 2.396452 | Train Acc: 82.570 | Val Acc: 85.593
Epoch 43: | Train Loss: 2.812849 | Val Loss: 2.397383 | Train Acc: 82.568 | Val Acc: 85.591
Epoch 44: | Train Loss: 2.813595 | Val Loss: 2.401337 | Train Acc: 82.572 | Val Acc: 85.596
Epoch 45: | Train Loss: 2.812545 | Val Loss: 2.401224 | Train Acc: 82.569 | Val Acc: 85.555
Epoch 46: | Train Loss: 2.811902 | Val Loss: 2.393999 | Train Acc: 82.575 | Val Acc: 85.587
Epoch 47: | Train Loss: 2.811952 | Val Loss: 2.404667 | Train Acc: 82.569 | Val Acc: 85.586
Epoch 48: | Train Loss: 2.811896 | Val Loss: 2.397010 | Train Acc: 82.568 | Val Acc: 85.602
Epoch 49: | Train Loss: 2.811796 | Val Loss: 2.400207 | Train Acc: 82.571 | Val Acc: 85.571
Epoch 50: | Train Loss: 2.809441 | Val Loss: 2.396323 | Train Acc: 82.573 | Val Acc: 85.580
Epoch 51: | Train Loss: 2.810801 | Val Loss: 2.400284 | Train Acc: 82.574 | Val Acc: 85.583
Epoch 52: | Train Loss: 2.810681 | Val Loss: 2.395203 | Train Acc: 82.570 | Val Acc: 85.593
Epoch 53: | Train Loss: 2.811284 | Val Loss: 2.392416 | Train Acc: 82.570 | Val Acc: 85.604
Epoch 54: | Train Loss: 2.809934 | Val Loss: 2.396482 | Train Acc: 82.574 | Val Acc: 85.591
Epoch 55: | Train Loss: 2.810145 | Val Loss: 2.396543 | Train Acc: 82.570 | Val Acc: 85.583
Epoch 56: | Train Loss: 2.810077 | Val Loss: 2.392756 | Train Acc: 82.572 | Val Acc: 85.612
Epoch 57: | Train Loss: 2.810610 | Val Loss: 2.396593 | Train Acc: 82.569 | Val Acc: 85.572
Epoch 58: | Train Loss: 2.810710 | Val Loss: 2.401255 | Train Acc: 82.572 | Val Acc: 85.548
Epoch 59: | Train Loss: 2.810034 | Val Loss: 2.405733 | Train Acc: 82.572 | Val Acc: 85.555
Epoch 60: | Train Loss: 2.808708 | Val Loss: 2.403041 | Train Acc: 82.571 | Val Acc: 85.573
Epoch 61: | Train Loss: 2.810087 | Val Loss: 2.398201 | Train Acc: 82.571 | Val Acc: 85.578
Epoch 62: | Train Loss: 2.809624 | Val Loss: 2.392874 | Train Acc: 82.572 | Val Acc: 85.601
Epoch 63: | Train Loss: 2.810763 | Val Loss: 2.395733 | Train Acc: 82.565 | Val Acc: 85.576
Epoch 64: | Train Loss: 2.807734 | Val Loss: 2.393888 | Train Acc: 82.571 | Val Acc: 85.602
Epoch 65: | Train Loss: 2.808887 | Val Loss: 2.394185 | Train Acc: 82.563 | Val Acc: 85.611
Epoch 66: | Train Loss: 2.808118 | Val Loss: 2.396694 | Train Acc: 82.569 | Val Acc: 85.589
Epoch 67: | Train Loss: 2.809016 | Val Loss: 2.391216 | Train Acc: 82.571 | Val Acc: 85.600
Epoch 68: | Train Loss: 2.807377 | Val Loss: 2.402521 | Train Acc: 82.573 | Val Acc: 85.596
Epoch 69: | Train Loss: 2.808015 | Val Loss: 2.399233 | Train Acc: 82.573 | Val Acc: 85.616
Epoch 70: | Train Loss: 2.806854 | Val Loss: 2.399853 | Train Acc: 82.574 | Val Acc: 85.571
Epoch 71: | Train Loss: 2.807220 | Val Loss: 2.393605 | Train Acc: 82.570 | Val Acc: 85.591
Epoch 72: | Train Loss: 2.806504 | Val Loss: 2.393066 | Train Acc: 82.571 | Val Acc: 85.597
Epoch 73: | Train Loss: 2.808020 | Val Loss: 2.392080 | Train Acc: 82.570 | Val Acc: 85.591
Epoch 74: | Train Loss: 2.806655 | Val Loss: 2.398416 | Train Acc: 82.570 | Val Acc: 85.565
Epoch 75: | Train Loss: 2.806961 | Val Loss: 2.391793 | Train Acc: 82.570 | Val Acc: 85.611
Epoch 76: | Train Loss: 2.805830 | Val Loss: 2.390657 | Train Acc: 82.572 | Val Acc: 85.605
Epoch 77: | Train Loss: 2.807159 | Val Loss: 2.390443 | Train Acc: 82.562 | Val Acc: 85.611
Epoch 78: | Train Loss: 2.804825 | Val Loss: 2.403191 | Train Acc: 82.573 | Val Acc: 85.558
Epoch 79: | Train Loss: 2.806942 | Val Loss: 2.393441 | Train Acc: 82.568 | Val Acc: 85.597
Epoch 80: | Train Loss: 2.805386 | Val Loss: 2.390342 | Train Acc: 82.571 | Val Acc: 85.607
Epoch 81: | Train Loss: 2.806119 | Val Loss: 2.398840 | Train Acc: 82.570 | Val Acc: 85.557
Epoch 82: | Train Loss: 2.804603 | Val Loss: 2.390907 | Train Acc: 82.569 | Val Acc: 85.598
Epoch 83: | Train Loss: 2.804238 | Val Loss: 2.390294 | Train Acc: 82.571 | Val Acc: 85.605
Epoch 84: | Train Loss: 2.805083 | Val Loss: 2.392649 | Train Acc: 82.571 | Val Acc: 85.584
Epoch 85: | Train Loss: 2.804062 | Val Loss: 2.385977 | Train Acc: 82.571 | Val Acc: 85.620
Epoch 86: | Train Loss: 2.804114 | Val Loss: 2.397703 | Train Acc: 82.571 | Val Acc: 85.566
Epoch 87: | Train Loss: 2.802594 | Val Loss: 2.396346 | Train Acc: 82.573 | Val Acc: 85.586
Epoch 88: | Train Loss: 2.804097 | Val Loss: 2.393773 | Train Acc: 82.569 | Val Acc: 85.582
Epoch 89: | Train Loss: 2.805048 | Val Loss: 2.387680 | Train Acc: 82.568 | Val Acc: 85.615
Epoch 90: | Train Loss: 2.805095 | Val Loss: 2.391319 | Train Acc: 82.571 | Val Acc: 85.609
Epoch 91: | Train Loss: 2.804223 | Val Loss: 2.388986 | Train Acc: 82.565 | Val Acc: 85.594
Epoch 92: | Train Loss: 2.802358 | Val Loss: 2.401324 | Train Acc: 82.570 | Val Acc: 85.597
Epoch 93: | Train Loss: 2.803913 | Val Loss: 2.396100 | Train Acc: 82.570 | Val Acc: 85.593
Epoch 94: | Train Loss: 2.802037 | Val Loss: 2.401822 | Train Acc: 82.571 | Val Acc: 85.547
Epoch 95: | Train Loss: 2.802721 | Val Loss: 2.398991 | Train Acc: 82.573 | Val Acc: 85.575
Epoch 96: | Train Loss: 2.802404 | Val Loss: 2.391390 | Train Acc: 82.568 | Val Acc: 85.586
Epoch 97: | Train Loss: 2.800967 | Val Loss: 2.393622 | Train Acc: 82.569 | Val Acc: 85.572
Epoch 98: | Train Loss: 2.802223 | Val Loss: 2.402291 | Train Acc: 82.573 | Val Acc: 85.601
Epoch 99: | Train Loss: 2.803424 | Val Loss: 2.393585 | Train Acc: 82.560 | Val Acc: 85.575
Levenshtein Acc: 0.5551019555234642


 sa cabau
