torch.Size([130001, 176, 37])
aplicado mamba


Epoch 0: | Train Loss: 5.067532 | Val Loss: 5.247512 | Train Acc: 77.468 | Val Acc: 76.618
Epoch 1: | Train Loss: 5.042635 | Val Loss: 5.236991 | Train Acc: 77.460 | Val Acc: 76.618
Epoch 2: | Train Loss: 5.035293 | Val Loss: 5.234427 | Train Acc: 77.460 | Val Acc: 76.618
Epoch 3: | Train Loss: 5.031347 | Val Loss: 5.228851 | Train Acc: 77.460 | Val Acc: 76.617
Epoch 4: | Train Loss: 5.028954 | Val Loss: 5.231337 | Train Acc: 77.460 | Val Acc: 76.618
Epoch 5: | Train Loss: 5.026328 | Val Loss: 5.229591 | Train Acc: 77.458 | Val Acc: 76.619
Epoch 6: | Train Loss: 5.020215 | Val Loss: 5.226220 | Train Acc: 77.463 | Val Acc: 76.618
Epoch 7: | Train Loss: 5.019145 | Val Loss: 5.219540 | Train Acc: 77.458 | Val Acc: 76.618
Epoch 8: | Train Loss: 5.016518 | Val Loss: 5.223241 | Train Acc: 77.461 | Val Acc: 76.618
Epoch 9: | Train Loss: 5.015519 | Val Loss: 5.216708 | Train Acc: 77.461 | Val Acc: 76.617
Epoch 10: | Train Loss: 5.014091 | Val Loss: 5.215028 | Train Acc: 77.463 | Val Acc: 76.618
Epoch 11: | Train Loss: 5.013038 | Val Loss: 5.218422 | Train Acc: 77.461 | Val Acc: 76.618
Epoch 12: | Train Loss: 5.012124 | Val Loss: 5.213355 | Train Acc: 77.462 | Val Acc: 76.618
Epoch 13: | Train Loss: 5.012255 | Val Loss: 5.216052 | Train Acc: 77.460 | Val Acc: 76.618
Epoch 14: | Train Loss: 5.010989 | Val Loss: 5.214534 | Train Acc: 77.461 | Val Acc: 76.618
Epoch 15: | Train Loss: 5.010298 | Val Loss: 5.211803 | Train Acc: 77.461 | Val Acc: 76.618
Epoch 16: | Train Loss: 5.009923 | Val Loss: 5.213366 | Train Acc: 77.461 | Val Acc: 76.618
Epoch 17: | Train Loss: 5.010232 | Val Loss: 5.218986 | Train Acc: 77.456 | Val Acc: 76.618
Epoch 18: | Train Loss: 5.008386 | Val Loss: 5.209638 | Train Acc: 77.460 | Val Acc: 76.619
Epoch 19: | Train Loss: 5.007913 | Val Loss: 5.220511 | Train Acc: 77.461 | Val Acc: 76.618
Epoch 20: | Train Loss: 5.007819 | Val Loss: 5.232404 | Train Acc: 77.459 | Val Acc: 76.618
Epoch 21: | Train Loss: 5.007070 | Val Loss: 5.209414 | Train Acc: 77.460 | Val Acc: 76.618
Epoch 22: | Train Loss: 5.006324 | Val Loss: 5.212928 | Train Acc: 77.461 | Val Acc: 76.618
Epoch 23: | Train Loss: 5.005682 | Val Loss: 5.215669 | Train Acc: 77.460 | Val Acc: 76.618
Epoch 24: | Train Loss: 5.004741 | Val Loss: 5.210588 | Train Acc: 77.461 | Val Acc: 76.618
Epoch 25: | Train Loss: 5.004667 | Val Loss: 5.220444 | Train Acc: 77.460 | Val Acc: 76.619
Epoch 26: | Train Loss: 5.003594 | Val Loss: 5.210710 | Train Acc: 77.461 | Val Acc: 76.617
Epoch 27: | Train Loss: 5.003905 | Val Loss: 5.221570 | Train Acc: 77.460 | Val Acc: 76.619
Epoch 28: | Train Loss: 5.002994 | Val Loss: 5.224286 | Train Acc: 77.461 | Val Acc: 76.618
Epoch 29: | Train Loss: 5.002514 | Val Loss: 5.207074 | Train Acc: 77.461 | Val Acc: 76.618
Epoch 30: | Train Loss: 5.001780 | Val Loss: 5.226009 | Train Acc: 77.460 | Val Acc: 76.617
Epoch 31: | Train Loss: 5.001459 | Val Loss: 5.223269 | Train Acc: 77.462 | Val Acc: 76.618
Epoch 32: | Train Loss: 5.001798 | Val Loss: 5.206002 | Train Acc: 77.456 | Val Acc: 76.617
Epoch 33: | Train Loss: 5.000889 | Val Loss: 5.219234 | Train Acc: 77.460 | Val Acc: 76.619
Epoch 34: | Train Loss: 5.000404 | Val Loss: 5.209159 | Train Acc: 77.460 | Val Acc: 76.618
Epoch 35: | Train Loss: 5.000062 | Val Loss: 5.211896 | Train Acc: 77.460 | Val Acc: 76.617
Epoch 36: | Train Loss: 4.999968 | Val Loss: 5.207407 | Train Acc: 77.458 | Val Acc: 76.618
Epoch 37: | Train Loss: 4.998828 | Val Loss: 5.207811 | Train Acc: 77.462 | Val Acc: 76.618
Epoch 38: | Train Loss: 4.999341 | Val Loss: 5.211479 | Train Acc: 77.459 | Val Acc: 76.618
Epoch 39: | Train Loss: 4.998497 | Val Loss: 5.205759 | Train Acc: 77.461 | Val Acc: 76.618
Epoch 40: | Train Loss: 4.998779 | Val Loss: 5.210683 | Train Acc: 77.460 | Val Acc: 76.617
Epoch 41: | Train Loss: 4.998965 | Val Loss: 5.206456 | Train Acc: 77.459 | Val Acc: 76.619
Epoch 42: | Train Loss: 4.997808 | Val Loss: 5.210726 | Train Acc: 77.461 | Val Acc: 76.618
Epoch 43: | Train Loss: 4.997932 | Val Loss: 5.210900 | Train Acc: 77.459 | Val Acc: 76.619
Epoch 44: | Train Loss: 4.997249 | Val Loss: 5.213997 | Train Acc: 77.461 | Val Acc: 76.618
Epoch 45: | Train Loss: 4.998868 | Val Loss: 5.230485 | Train Acc: 77.455 | Val Acc: 76.618
Epoch 46: | Train Loss: 4.996838 | Val Loss: 5.204566 | Train Acc: 77.462 | Val Acc: 76.618
Epoch 47: | Train Loss: 4.996849 | Val Loss: 5.216390 | Train Acc: 77.461 | Val Acc: 76.618
Epoch 48: | Train Loss: 4.996633 | Val Loss: 5.210580 | Train Acc: 77.460 | Val Acc: 76.618
Epoch 49: | Train Loss: 4.995686 | Val Loss: 5.208112 | Train Acc: 77.463 | Val Acc: 76.618
Epoch 50: | Train Loss: 4.995169 | Val Loss: 5.206607 | Train Acc: 77.463 | Val Acc: 76.618
Epoch 51: | Train Loss: 4.996098 | Val Loss: 5.225788 | Train Acc: 77.458 | Val Acc: 76.618
Epoch 52: | Train Loss: 4.995016 | Val Loss: 5.223044 | Train Acc: 77.461 | Val Acc: 76.618
Epoch 53: | Train Loss: 4.995203 | Val Loss: 5.202379 | Train Acc: 77.460 | Val Acc: 76.618
Epoch 54: | Train Loss: 4.994768 | Val Loss: 5.204086 | Train Acc: 77.460 | Val Acc: 76.619
Epoch 55: | Train Loss: 4.994721 | Val Loss: 5.207985 | Train Acc: 77.460 | Val Acc: 76.618
Epoch 56: | Train Loss: 4.994764 | Val Loss: 5.209403 | Train Acc: 77.459 | Val Acc: 76.618
Epoch 57: | Train Loss: 4.994284 | Val Loss: 5.213125 | Train Acc: 77.461 | Val Acc: 76.618
Epoch 58: | Train Loss: 4.995666 | Val Loss: 5.253139 | Train Acc: 77.454 | Val Acc: 76.618
Epoch 59: | Train Loss: 4.994167 | Val Loss: 5.211080 | Train Acc: 77.459 | Val Acc: 76.619
Epoch 60: | Train Loss: 4.993401 | Val Loss: 5.204329 | Train Acc: 77.463 | Val Acc: 76.619
Epoch 61: | Train Loss: 4.993523 | Val Loss: 5.215430 | Train Acc: 77.461 | Val Acc: 76.618
Epoch 62: | Train Loss: 4.993277 | Val Loss: 5.212043 | Train Acc: 77.460 | Val Acc: 76.618
Epoch 63: | Train Loss: 4.993434 | Val Loss: 5.244298 | Train Acc: 77.460 | Val Acc: 76.619
Epoch 64: | Train Loss: 4.994550 | Val Loss: 5.210462 | Train Acc: 77.457 | Val Acc: 76.618
Epoch 65: | Train Loss: 4.993096 | Val Loss: 5.215762 | Train Acc: 77.461 | Val Acc: 76.618
Epoch 66: | Train Loss: 4.993469 | Val Loss: 5.219038 | Train Acc: 77.461 | Val Acc: 76.618
Epoch 67: | Train Loss: 4.993067 | Val Loss: 5.222518 | Train Acc: 77.460 | Val Acc: 76.619
Epoch 68: | Train Loss: 4.993121 | Val Loss: 5.208165 | Train Acc: 77.459 | Val Acc: 76.618
Epoch 69: | Train Loss: 4.993065 | Val Loss: 5.204624 | Train Acc: 77.462 | Val Acc: 76.618
Epoch 70: | Train Loss: 4.993248 | Val Loss: 5.214678 | Train Acc: 77.457 | Val Acc: 76.617
Epoch 71: | Train Loss: 4.992268 | Val Loss: 5.211392 | Train Acc: 77.461 | Val Acc: 76.619
Epoch 72: | Train Loss: 4.991767 | Val Loss: 5.215467 | Train Acc: 77.460 | Val Acc: 76.619
Epoch 73: | Train Loss: 4.991760 | Val Loss: 5.217083 | Train Acc: 77.463 | Val Acc: 76.618
Epoch 74: | Train Loss: 4.992009 | Val Loss: 5.203409 | Train Acc: 77.460 | Val Acc: 76.618
Epoch 75: | Train Loss: 4.992523 | Val Loss: 5.201839 | Train Acc: 77.458 | Val Acc: 76.618
Epoch 76: | Train Loss: 4.991658 | Val Loss: 5.206581 | Train Acc: 77.462 | Val Acc: 76.618
Epoch 77: | Train Loss: 4.991883 | Val Loss: 5.209033 | Train Acc: 77.459 | Val Acc: 76.618
Epoch 78: | Train Loss: 4.992165 | Val Loss: 5.214349 | Train Acc: 77.457 | Val Acc: 76.618
Epoch 79: | Train Loss: 4.991105 | Val Loss: 5.209363 | Train Acc: 77.460 | Val Acc: 76.617
Epoch 80: | Train Loss: 4.991550 | Val Loss: 5.205557 | Train Acc: 77.460 | Val Acc: 76.618
Epoch 81: | Train Loss: 4.991112 | Val Loss: 5.203029 | Train Acc: 77.462 | Val Acc: 76.618
Epoch 82: | Train Loss: 4.990671 | Val Loss: 5.209693 | Train Acc: 77.463 | Val Acc: 76.618
Epoch 83: | Train Loss: 4.991650 | Val Loss: 5.202961 | Train Acc: 77.460 | Val Acc: 76.617
Epoch 84: | Train Loss: 4.991647 | Val Loss: 5.208791 | Train Acc: 77.460 | Val Acc: 76.618
Epoch 85: | Train Loss: 4.990756 | Val Loss: 5.213205 | Train Acc: 77.460 | Val Acc: 76.617
Epoch 86: | Train Loss: 4.990079 | Val Loss: 5.210509 | Train Acc: 77.461 | Val Acc: 76.618
Epoch 87: | Train Loss: 4.991340 | Val Loss: 5.211040 | Train Acc: 77.458 | Val Acc: 76.618
Epoch 88: | Train Loss: 4.990479 | Val Loss: 5.206575 | Train Acc: 77.460 | Val Acc: 76.618
Epoch 89: | Train Loss: 4.990531 | Val Loss: 5.212622 | Train Acc: 77.461 | Val Acc: 76.618
Epoch 90: | Train Loss: 4.989950 | Val Loss: 5.207862 | Train Acc: 77.460 | Val Acc: 76.617
Epoch 91: | Train Loss: 4.990458 | Val Loss: 5.201824 | Train Acc: 77.459 | Val Acc: 76.618
Epoch 92: | Train Loss: 4.990731 | Val Loss: 5.202803 | Train Acc: 77.459 | Val Acc: 76.618
Epoch 93: | Train Loss: 4.989406 | Val Loss: 5.214564 | Train Acc: 77.463 | Val Acc: 76.617
Epoch 94: | Train Loss: 4.989436 | Val Loss: 5.207371 | Train Acc: 77.463 | Val Acc: 76.618
Epoch 95: | Train Loss: 4.989757 | Val Loss: 5.210399 | Train Acc: 77.462 | Val Acc: 76.618
Epoch 96: | Train Loss: 4.989498 | Val Loss: 5.204533 | Train Acc: 77.463 | Val Acc: 76.618
Epoch 97: | Train Loss: 4.989715 | Val Loss: 5.202582 | Train Acc: 77.462 | Val Acc: 76.617
Epoch 98: | Train Loss: 4.989598 | Val Loss: 5.211844 | Train Acc: 77.461 | Val Acc: 76.617
Epoch 99: | Train Loss: 4.990223 | Val Loss: 5.206885 | Train Acc: 77.459 | Val Acc: 76.618
Levenshtein Acc: 0.16732853899154052


 sa cabau
